
> jeikei-design-system@0.2.0 build F:\openClow\.openclaw\workspace\antigravity\jeikei-design-system
> pnpm run build:lib && pnpm run build:types


> jeikei-design-system@0.2.0 build:lib F:\openClow\.openclaw\workspace\antigravity\jeikei-design-system
> vite build

[36mvite v7.3.1 [32mbuilding client environment for production...[36m[39m
transforming...
[32m[39m 29 modules transformed.
rendering chunks...
computing gzip size...
[2mdist/[22m[35mjeikei-design-system.css  [39m[1m[2m 18.59 kB[22m[1m[22m[2m  gzip:   4.35 kB[22m
[2mdist/[22m[36mv2.js                     [39m[1m[2m  0.33 kB[22m[1m[22m[2m  gzip:   0.23 kB[22m[2m  map:     0.09 kB[22m
[2mdist/[22m[36mindex.js                  [39m[1m[2m  0.37 kB[22m[1m[22m[2m  gzip:   0.25 kB[22m[2m  map:     0.09 kB[22m
[2mdist/[22m[36mindex-BM_zwxjt.js         [39m[1m[33m619.27 kB[39m[22m[2m  gzip: 140.82 kB[22m[2m  map: 2,063.55 kB[22m
[2mdist/[22m[35mjeikei-design-system.css  [39m[1m[2m 18.59 kB[22m[1m[22m[2m  gzip:   4.35 kB[22m
[2mdist/[22m[36mv2.cjs                    [39m[1m[2m  0.46 kB[22m[1m[22m[2m  gzip:   0.26 kB[22m[2m  map:     0.09 kB[22m
[2mdist/[22m[36mindex.cjs                 [39m[1m[2m  0.49 kB[22m[1m[22m[2m  gzip:   0.28 kB[22m[2m  map:     0.09 kB[22m
[2mdist/[22m[36mindex-Dws8r9Wz.cjs        [39m[1m[2m493.94 kB[22m[1m[22m[2m  gzip: 127.52 kB[22m[2m  map: 2,025.85 kB[22m
[32m built in 2.46s[39m

> jeikei-design-system@0.2.0 build:types F:\openClow\.openclaw\workspace\antigravity\jeikei-design-system
> tsc -p tsconfig.build.json

src/hooks/useNeuralSystem.ts(2,72): error TS2307: Cannot find module '../legacy/neural/NeuralEngine' or its corresponding type declarations.
ELIFECYCLE Command failed with exit code 2.
ELIFECYCLE Command failed with exit code 2.
